
                  @@@@@@@                             @@@@ @  
                    @@   @@                         @@    @@  
                    @@    @@                       @@      @  
                    @@    @@     @@@       @@@    @@          
                    @@   @@    @@   @@   @@   @@  @@          
                    @@@@@@    @@     @@ @@     @@ @@     @@@@@
                    @@    @@  @@     @@ @@     @@ @@     @ @@ 
                    @@     @@ @@     @@ @@     @@ @@    @  @@ 
                    @@     @@ @@     @@ @@     @@  @@      @@ 
                    @@    @@   @@   @@   @@   @@    @@    @@  
                  @@@@@@@@       @@@       @@@        @@@@    

                         Binding and Optimizing On Gates

             Alliance CAD System 5.0 20090901, boog 5.0 [2003/01/09]
             Copyright (c) 2000-2019,                 ASIM/LIP6/UPMC
             Author(s):                              François Donnet
             E-mail        :             alliance-users@asim.lip6.fr

        MBK_VDD        : vdd
        MBK_VSS        : vss
        MBK_IN_LO      : vst
        MBK_OUT_LO     : vst
        MBK_WORK_LIB   : .
        MBK_TARGET_LIB : /usr/lib64/alliance/cells/sxlib

Reading parameter file 'paramfile.lax'...
50% area - 50% delay optimization
Reading file 'codea_b.vbe'...
Controlling file 'paramfile.lax'...
Controlling file 'codea_b.vbe'...
Reading lib '/usr/lib64/alliance/cells/sxlib'...
Controlling lib '/usr/lib64/alliance/cells/sxlib'...
Preparing file 'codea_b.vbe'...
Capacitances on file 'codea_b.vbe'...
Unflattening file 'codea_b.vbe'...
Mapping file 'codea_b.vbe'...
Saving file 'codea_b.vst'...
Quick estimated critical path (no warranty)...2264 ps from 'code_cs 2' to 'alarm'
Quick estimated area (with over-cell routing)...61750 lambda²
Details...
	no2_x1: 9
	inv_x2: 6
	o2_x2: 5
	a2_x2: 4
	an12_x1: 4
	ao22_x2: 3
	sff1_x4: 3
	oa2ao222_x2: 1
	na4_x1: 1
	oa22_x2: 1
	na2_x1: 1
	noa2a22_x1: 1
	no3_x1: 1
	noa22_x1: 1
	no4_x1: 1
	a3_x2: 1
	Total: 43
Saving delay gradient in xsch color file 'codea_b.xsc'...
End of boog...

