
                   @@@@@@                          @@@    @@@
                     @@                             @@     @ 
                     @@                             @@@    @ 
                     @@           @@@       @@@     @ @@   @ 
                     @@         @@   @@   @@   @@   @ @@   @ 
                     @@        @@     @@ @@     @@  @  @@  @ 
                     @@        @@     @@ @@     @@  @   @@ @ 
                     @@        @@     @@ @@     @@  @   @@ @ 
                     @@      @ @@     @@ @@     @@  @    @@@ 
                     @@     @   @@   @@   @@   @@   @     @@ 
                   @@@@@@@@@@     @@@       @@@    @@@    @@ 

                           Local optimization on Nets

             Alliance CAD System 5.0 20090901, loon 5.0 [2003/12/07]
             Copyright (c) 2000-2019,                 ASIM/LIP6/UPMC
             Author(s):                              François Donnet
             E-mail        :             alliance-users@asim.lip6.fr

	MBK_IN_LO	: vst
	MBK_OUT_LO	: vst
	MBK_TARGET_LIB	: /usr/lib64/alliance/cells/sxlib

Reading parameter file 'paramfile.lax'...
50% area - 50% delay optimization
Reading file 'codem_b.vst'...
Controlling file 'paramfile.lax'...
Reading lib '/usr/lib64/alliance/cells/sxlib'...
Capacitances on file 'codem_b.vst'...
Delays on file 'codem_b.vst'...2506 ps
Area on file 'codem_b.vst'...60000 lamda² (with over-cell routing)
Details...
	no2_x1: 5 (8%)
	o2_x2: 5 (10%)
	inv_x2: 5 (6%)
	on12_x1: 4 (8%)
	na3_x1: 3 (6%)
	sff1_x4: 3 (22%)
	oa22_x2: 2 (5%)
	na2_x1: 2 (3%)
	a3_x2: 2 (5%)
	an12_x1: 2 (4%)
	o4_x2: 2 (5%)
	ao22_x2: 1 (2%)
	na4_x1: 1 (2%)
	no4_x1: 1 (2%)
	o3_x2: 1 (2%)
	a2_x2: 1 (2%)
	nao22_x1: 1 (2%)
	Total: 41
Worst RC on file 'codem_b.vst'...170 ps
Inserting buffers on critical path for file 'codem_b_l.vst'...1 buffer inserted -> 2496 ps
Improving RC on critical path for file 'codem_b_l.vst'...2425 ps
Improving all RC for file 'codem_b_l.vst'...
Worst RC on file 'codem_b_l.vst'...170 ps
Area on file 'codem_b_l.vst'...62000 lamda² (with over-cell routing)
Details...
	no2_x1: 5 (8%)
	o2_x2: 5 (10%)
	on12_x1: 4 (8%)
	inv_x2: 4 (4%)
	na3_x1: 3 (6%)
	sff1_x4: 3 (21%)
	oa22_x2: 2 (4%)
	na2_x1: 2 (3%)
	a3_x2: 2 (4%)
	an12_x1: 2 (4%)
	o4_x2: 2 (5%)
	buf_x2: 1 (1%)
	ao22_x2: 1 (2%)
	na4_x1: 1 (2%)
	no4_x1: 1 (2%)
	o3_x2: 1 (2%)
	inv_x8: 1 (2%)
	a2_x2: 1 (2%)
	nao22_x1: 1 (2%)
	Total: 42
Critical path (no warranty)...2425 ps from 'code 1' to 'alarm'
Saving file 'codem_b_l.vst'...
Saving delay gradient in xsch color file 'codem_b_l.xsc'...
End of loon...

