
                  @@@@@@@                             @@@@ @  
                    @@   @@                         @@    @@  
                    @@    @@                       @@      @  
                    @@    @@     @@@       @@@    @@          
                    @@   @@    @@   @@   @@   @@  @@          
                    @@@@@@    @@     @@ @@     @@ @@     @@@@@
                    @@    @@  @@     @@ @@     @@ @@     @ @@ 
                    @@     @@ @@     @@ @@     @@ @@    @  @@ 
                    @@     @@ @@     @@ @@     @@  @@      @@ 
                    @@    @@   @@   @@   @@   @@    @@    @@  
                  @@@@@@@@       @@@       @@@        @@@@    

                         Binding and Optimizing On Gates

             Alliance CAD System 5.0 20090901, boog 5.0 [2003/01/09]
             Copyright (c) 2000-2019,                 ASIM/LIP6/UPMC
             Author(s):                              François Donnet
             E-mail        :             alliance-users@asim.lip6.fr

        MBK_VDD        : vdd
        MBK_VSS        : vss
        MBK_IN_LO      : vst
        MBK_OUT_LO     : vst
        MBK_WORK_LIB   : .
        MBK_TARGET_LIB : /usr/lib64/alliance/cells/sxlib

Reading parameter file 'paramfile.lax'...
50% area - 50% delay optimization
Reading file 'codej_b.vbe'...
Controlling file 'paramfile.lax'...
Controlling file 'codej_b.vbe'...
Reading lib '/usr/lib64/alliance/cells/sxlib'...
Controlling lib '/usr/lib64/alliance/cells/sxlib'...
Preparing file 'codej_b.vbe'...
Capacitances on file 'codej_b.vbe'...
Unflattening file 'codej_b.vbe'...
Mapping file 'codej_b.vbe'...
Saving file 'codej_b.vst'...
Quick estimated critical path (no warranty)...1765 ps from 'code_cs 1' to 'alarm'
Quick estimated area (with over-cell routing)...55500 lambda²
Details...
	inv_x2: 6
	on12_x1: 4
	noa22_x1: 3
	o3_x2: 3
	an12_x1: 3
	sff1_x4: 3
	no2_x1: 3
	na4_x1: 2
	a3_x2: 2
	o2_x2: 2
	oa2ao222_x2: 1
	na3_x1: 1
	na2_x1: 1
	a2_x2: 1
	nxr2_x1: 1
	Total: 36
Saving delay gradient in xsch color file 'codej_b.xsc'...
End of boog...

