
                   @@@@@@                          @@@    @@@
                     @@                             @@     @ 
                     @@                             @@@    @ 
                     @@           @@@       @@@     @ @@   @ 
                     @@         @@   @@   @@   @@   @ @@   @ 
                     @@        @@     @@ @@     @@  @  @@  @ 
                     @@        @@     @@ @@     @@  @   @@ @ 
                     @@        @@     @@ @@     @@  @   @@ @ 
                     @@      @ @@     @@ @@     @@  @    @@@ 
                     @@     @   @@   @@   @@   @@   @     @@ 
                   @@@@@@@@@@     @@@       @@@    @@@    @@ 

                           Local optimization on Nets

             Alliance CAD System 5.0 20090901, loon 5.0 [2003/12/07]
             Copyright (c) 2000-2019,                 ASIM/LIP6/UPMC
             Author(s):                              François Donnet
             E-mail        :             alliance-users@asim.lip6.fr

	MBK_IN_LO	: vst
	MBK_OUT_LO	: vst
	MBK_TARGET_LIB	: /usr/lib64/alliance/cells/sxlib

Reading parameter file 'paramfile.lax'...
50% area - 50% delay optimization
Reading file 'coder_b.vst'...
Controlling file 'paramfile.lax'...
Reading lib '/usr/lib64/alliance/cells/sxlib'...
Capacitances on file 'coder_b.vst'...
Delays on file 'coder_b.vst'...2722 ps
Area on file 'coder_b.vst'...66250 lamda² (with over-cell routing)
Details...
	inv_x2: 7 (7%)
	na2_x1: 6 (9%)
	no3_x1: 4 (7%)
	a2_x2: 4 (7%)
	na3_x1: 3 (5%)
	a3_x2: 3 (6%)
	no2_x1: 3 (4%)
	noa22_x1: 2 (4%)
	o3_x2: 2 (4%)
	o2_x2: 2 (3%)
	sff1_x4: 2 (13%)
	on12_x1: 2 (3%)
	na4_x1: 2 (4%)
	nao2o22_x1: 1 (2%)
	nao22_x1: 1 (2%)
	no4_x1: 1 (2%)
	sff2_x4: 1 (9%)
	Total: 46
Worst RC on file 'coder_b.vst'...303 ps
Inserting buffers on critical path for file 'coder_b_l.vst'...3 buffers inserted -> 2622 ps
Improving RC on critical path for file 'coder_b_l.vst'...2546 ps
Improving all RC for file 'coder_b_l.vst'...
Worst RC on file 'coder_b_l.vst'...303 ps
Area on file 'coder_b_l.vst'...69500 lamda² (with over-cell routing)
Details...
	na2_x1: 6 (8%)
	inv_x2: 6 (6%)
	no3_x1: 4 (7%)
	a2_x2: 4 (7%)
	buf_x2: 3 (4%)
	na3_x1: 3 (5%)
	a3_x2: 3 (6%)
	no2_x1: 3 (4%)
	noa22_x1: 2 (4%)
	o3_x2: 2 (4%)
	o2_x2: 2 (3%)
	sff1_x4: 2 (12%)
	on12_x1: 2 (3%)
	na4_x1: 2 (4%)
	nao2o22_x1: 1 (2%)
	nao22_x1: 1 (2%)
	no4_x1: 1 (2%)
	sff2_x4: 1 (8%)
	inv_x4: 1 (1%)
	Total: 49
Critical path (no warranty)...2546 ps from 'code_cs 1' to 'alarm'
Saving file 'coder_b_l.vst'...
Saving delay gradient in xsch color file 'coder_b_l.xsc'...
End of loon...

