
                  @@@@@@@                             @@@@ @  
                    @@   @@                         @@    @@  
                    @@    @@                       @@      @  
                    @@    @@     @@@       @@@    @@          
                    @@   @@    @@   @@   @@   @@  @@          
                    @@@@@@    @@     @@ @@     @@ @@     @@@@@
                    @@    @@  @@     @@ @@     @@ @@     @ @@ 
                    @@     @@ @@     @@ @@     @@ @@    @  @@ 
                    @@     @@ @@     @@ @@     @@  @@      @@ 
                    @@    @@   @@   @@   @@   @@    @@    @@  
                  @@@@@@@@       @@@       @@@        @@@@    

                         Binding and Optimizing On Gates

             Alliance CAD System 5.0 20090901, boog 5.0 [2003/01/09]
             Copyright (c) 2000-2019,                 ASIM/LIP6/UPMC
             Author(s):                              François Donnet
             E-mail        :             alliance-users@asim.lip6.fr

        MBK_VDD        : vdd
        MBK_VSS        : vss
        MBK_IN_LO      : vst
        MBK_OUT_LO     : vst
        MBK_WORK_LIB   : .
        MBK_TARGET_LIB : /usr/lib64/alliance/cells/sxlib

Reading parameter file 'paramfile.lax'...
50% area - 50% delay optimization
Reading file 'coder_b.vbe'...
Controlling file 'paramfile.lax'...
Controlling file 'coder_b.vbe'...
Reading lib '/usr/lib64/alliance/cells/sxlib'...
Controlling lib '/usr/lib64/alliance/cells/sxlib'...
Preparing file 'coder_b.vbe'...
Capacitances on file 'coder_b.vbe'...
Unflattening file 'coder_b.vbe'...
Mapping file 'coder_b.vbe'...
Saving file 'coder_b.vst'...
Quick estimated critical path (no warranty)...2023 ps from 'code_cs 1' to 'alarm'
Quick estimated area (with over-cell routing)...66250 lambda²
Details...
	inv_x2: 7
	na2_x1: 6
	no3_x1: 4
	a2_x2: 4
	na3_x1: 3
	a3_x2: 3
	no2_x1: 3
	noa22_x1: 2
	o3_x2: 2
	o2_x2: 2
	sff1_x4: 2
	on12_x1: 2
	na4_x1: 2
	nao2o22_x1: 1
	nao22_x1: 1
	no4_x1: 1
	sff2_x4: 1
	Total: 46
Saving delay gradient in xsch color file 'coder_b.xsc'...
End of boog...

