
                   @@@@@@                          @@@    @@@
                     @@                             @@     @ 
                     @@                             @@@    @ 
                     @@           @@@       @@@     @ @@   @ 
                     @@         @@   @@   @@   @@   @ @@   @ 
                     @@        @@     @@ @@     @@  @  @@  @ 
                     @@        @@     @@ @@     @@  @   @@ @ 
                     @@        @@     @@ @@     @@  @   @@ @ 
                     @@      @ @@     @@ @@     @@  @    @@@ 
                     @@     @   @@   @@   @@   @@   @     @@ 
                   @@@@@@@@@@     @@@       @@@    @@@    @@ 

                           Local optimization on Nets

             Alliance CAD System 5.0 20090901, loon 5.0 [2003/12/07]
             Copyright (c) 2000-2019,                 ASIM/LIP6/UPMC
             Author(s):                              François Donnet
             E-mail        :             alliance-users@asim.lip6.fr

	MBK_IN_LO	: vst
	MBK_OUT_LO	: vst
	MBK_TARGET_LIB	: /usr/lib64/alliance/cells/sxlib

Reading parameter file 'paramfile.lax'...
50% area - 50% delay optimization
Reading file 'codea_b.vst'...
Controlling file 'paramfile.lax'...
Reading lib '/usr/lib64/alliance/cells/sxlib'...
Capacitances on file 'codea_b.vst'...
Delays on file 'codea_b.vst'...2300 ps
Area on file 'codea_b.vst'...61750 lamda² (with over-cell routing)
Details...
	no2_x1: 9 (14%)
	inv_x2: 6 (7%)
	o2_x2: 5 (10%)
	a2_x2: 4 (8%)
	an12_x1: 4 (8%)
	ao22_x2: 3 (7%)
	sff1_x4: 3 (21%)
	oa2ao222_x2: 1 (4%)
	na4_x1: 1 (2%)
	oa22_x2: 1 (2%)
	na2_x1: 1 (1%)
	noa2a22_x1: 1 (2%)
	no3_x1: 1 (2%)
	noa22_x1: 1 (2%)
	no4_x1: 1 (2%)
	a3_x2: 1 (2%)
	Total: 43
Worst RC on file 'codea_b.vst'...170 ps
Inserting buffers on critical path for file 'codea_b_l.vst'...None inserted
Improving RC on critical path for file 'codea_b_l.vst'...2208 ps
Improving all RC for file 'codea_b_l.vst'...
Worst RC on file 'codea_b_l.vst'...170 ps
Area on file 'codea_b_l.vst'...62250 lamda² (with over-cell routing)
Details...
	no2_x1: 9 (14%)
	o2_x2: 5 (10%)
	inv_x2: 5 (6%)
	a2_x2: 4 (8%)
	an12_x1: 4 (8%)
	ao22_x2: 3 (7%)
	sff1_x4: 3 (21%)
	oa2ao222_x4: 1 (4%)
	na4_x1: 1 (2%)
	oa22_x2: 1 (2%)
	na2_x1: 1 (1%)
	noa2a22_x1: 1 (2%)
	no3_x1: 1 (2%)
	noa22_x1: 1 (2%)
	no4_x1: 1 (2%)
	a3_x2: 1 (2%)
	inv_x4: 1 (1%)
	Total: 43
Critical path (no warranty)...2208 ps from 'code_cs 2' to 'alarm'
Saving file 'codea_b_l.vst'...
Saving delay gradient in xsch color file 'codea_b_l.xsc'...
End of loon...

