
                   @@@@@@                          @@@    @@@
                     @@                             @@     @ 
                     @@                             @@@    @ 
                     @@           @@@       @@@     @ @@   @ 
                     @@         @@   @@   @@   @@   @ @@   @ 
                     @@        @@     @@ @@     @@  @  @@  @ 
                     @@        @@     @@ @@     @@  @   @@ @ 
                     @@        @@     @@ @@     @@  @   @@ @ 
                     @@      @ @@     @@ @@     @@  @    @@@ 
                     @@     @   @@   @@   @@   @@   @     @@ 
                   @@@@@@@@@@     @@@       @@@    @@@    @@ 

                           Local optimization on Nets

             Alliance CAD System 5.0 20090901, loon 5.0 [2003/12/07]
             Copyright (c) 2000-2019,                 ASIM/LIP6/UPMC
             Author(s):                              François Donnet
             E-mail        :             alliance-users@asim.lip6.fr

	MBK_IN_LO	: vst
	MBK_OUT_LO	: vst
	MBK_TARGET_LIB	: /usr/lib64/alliance/cells/sxlib

Reading parameter file 'paramfile.lax'...
50% area - 50% delay optimization
Reading file 'codeo_b.vst'...
Controlling file 'paramfile.lax'...
Reading lib '/usr/lib64/alliance/cells/sxlib'...
Capacitances on file 'codeo_b.vst'...
Delays on file 'codeo_b.vst'...2942 ps
Area on file 'codeo_b.vst'...74250 lamda² (with over-cell routing)
Details...
	inv_x2: 11 (11%)
	na2_x1: 8 (10%)
	no2_x1: 5 (6%)
	sff1_x4: 5 (30%)
	a2_x2: 5 (8%)
	na4_x1: 3 (6%)
	a4_x2: 3 (7%)
	o2_x2: 3 (5%)
	no3_x1: 2 (3%)
	na3_x1: 2 (3%)
	ao22_x2: 1 (2%)
	on12_x1: 1 (1%)
	noa22_x1: 1 (2%)
	a3_x2: 1 (2%)
	Total: 51
Worst RC on file 'codeo_b.vst'...416 ps
Inserting buffers on critical path for file 'codeo_b_l.vst'...2 buffers inserted -> 2923 ps
Improving RC on critical path for file 'codeo_b_l.vst'...2887 ps
Improving all RC for file 'codeo_b_l.vst'...
Worst RC on file 'codeo_b_l.vst'...416 ps
Area on file 'codeo_b_l.vst'...77250 lamda² (with over-cell routing)
Details...
	inv_x2: 10 (9%)
	na2_x1: 8 (10%)
	no2_x1: 5 (6%)
	sff1_x4: 5 (29%)
	a2_x2: 5 (8%)
	na4_x1: 3 (5%)
	a4_x2: 3 (6%)
	o2_x2: 3 (4%)
	buf_x2: 2 (2%)
	no3_x1: 2 (3%)
	na3_x1: 2 (3%)
	ao22_x2: 1 (1%)
	on12_x1: 1 (1%)
	noa22_x1: 1 (1%)
	inv_x8: 1 (2%)
	a3_x2: 1 (1%)
	Total: 53
Critical path (no warranty)...2887 ps from 'code 0' to 'alarm'
Saving file 'codeo_b_l.vst'...
Saving delay gradient in xsch color file 'codeo_b_l.xsc'...
End of loon...

