
                   @@@@@@                          @@@    @@@
                     @@                             @@     @ 
                     @@                             @@@    @ 
                     @@           @@@       @@@     @ @@   @ 
                     @@         @@   @@   @@   @@   @ @@   @ 
                     @@        @@     @@ @@     @@  @  @@  @ 
                     @@        @@     @@ @@     @@  @   @@ @ 
                     @@        @@     @@ @@     @@  @   @@ @ 
                     @@      @ @@     @@ @@     @@  @    @@@ 
                     @@     @   @@   @@   @@   @@   @     @@ 
                   @@@@@@@@@@     @@@       @@@    @@@    @@ 

                           Local optimization on Nets

             Alliance CAD System 5.0 20090901, loon 5.0 [2003/12/07]
             Copyright (c) 2000-2019,                 ASIM/LIP6/UPMC
             Author(s):                              François Donnet
             E-mail        :             alliance-users@asim.lip6.fr

	MBK_IN_LO	: vst
	MBK_OUT_LO	: vst
	MBK_TARGET_LIB	: /usr/lib64/alliance/cells/sxlib

Reading parameter file 'paramfile.lax'...
50% area - 50% delay optimization
Reading file 'codej_b.vst'...
Controlling file 'paramfile.lax'...
Reading lib '/usr/lib64/alliance/cells/sxlib'...
Capacitances on file 'codej_b.vst'...
Delays on file 'codej_b.vst'...2479 ps
Area on file 'codej_b.vst'...55500 lamda² (with over-cell routing)
Details...
	inv_x2: 6 (8%)
	on12_x1: 4 (9%)
	noa22_x1: 3 (8%)
	o3_x2: 3 (8%)
	an12_x1: 3 (6%)
	sff1_x4: 3 (24%)
	no2_x1: 3 (5%)
	na4_x1: 2 (5%)
	a3_x2: 2 (5%)
	o2_x2: 2 (4%)
	oa2ao222_x2: 1 (4%)
	na3_x1: 1 (2%)
	na2_x1: 1 (1%)
	a2_x2: 1 (2%)
	nxr2_x1: 1 (4%)
	Total: 36
Worst RC on file 'codej_b.vst'...303 ps
Inserting buffers on critical path for file 'codej_b_l.vst'...None inserted
Improving RC on critical path for file 'codej_b_l.vst'...2411 ps
Improving all RC for file 'codej_b_l.vst'...
Worst RC on file 'codej_b_l.vst'...303 ps
Area on file 'codej_b_l.vst'...55750 lamda² (with over-cell routing)
Details...
	inv_x2: 6 (8%)
	on12_x1: 4 (8%)
	noa22_x1: 3 (8%)
	o3_x2: 3 (8%)
	an12_x1: 3 (6%)
	sff1_x4: 3 (24%)
	no2_x1: 3 (5%)
	na4_x1: 2 (5%)
	a3_x2: 2 (5%)
	o2_x2: 2 (4%)
	oa2ao222_x4: 1 (4%)
	na3_x1: 1 (2%)
	na2_x1: 1 (1%)
	a2_x2: 1 (2%)
	nxr2_x1: 1 (4%)
	Total: 36
Critical path (no warranty)...2411 ps from 'code_cs 0' to 'alarm'
Saving file 'codej_b_l.vst'...
Saving delay gradient in xsch color file 'codej_b_l.xsc'...
End of loon...

