
               @@@@ @                                                 
             @@    @@                                                 
            @@      @                                                 
           @@       @    @@@    @@@  @@@@    @@@@@@   @@@@    @@@ @@@ 
           @@          @@   @@   @@    @@   @@  @@   @@   @    @@@  @@
           @@         @@     @@  @@    @@   @   @@   @@   @@   @@   @@
           @@         @@     @@  @@    @@   @   @      @@@@@   @@     
           @@         @@     @@  @@    @@    @@@     @@   @@   @@     
            @@      @ @@     @@  @@    @@   @@      @@    @@   @@     
             @@    @@  @@   @@   @@   @@@   @@@@@@  @@   @@@   @@     
               @@@@      @@@      @@@@  @@ @@   @@@  @@@@  @@ @@@@    
                                            @     @                   
                                             @@@@@                    

                       Netlist extractor ... formerly Lynx

                  Alliance CAD System 5.0 20090901, cougar 1.21
                  Copyright (c) 1998-2019,       ASIM/LIP6/UPMC
                  Author(s):  Ludovic Jacomme and Gregoire Avot
                  Contributor(s):              Picault Stephane
                  E-mail        :   alliance-users@asim.lip6.fr

	---> Parse technological file ./techno/techno-035.rds

		  RDS_LAMBDA        = 24
		  RDS_UNIT          = 80
		  RDS_PHYSICAL_GRID = 2
		  MBK_SCALE_X       = 100

	---> Extract symbolic figure codem_dft

		---> Translate Mbk -> Rds

		---> Build windows
		<--- 90

		---> Rectangles    : 1378
		---> Figure size   : (   -116,   -116 )
		                     (  27116,  30116 )

		---> Cut transistors
		<--- 0
		---> Build equis
		<--- 59
		---> Delete windows
		---> Build signals
		<--- 59
		---> Build instances
		<--- 73
		---> Build transistors
		<--- 0
		---> Save netlist

	<--- done !

	---> Total extracted capacitance
	<--- 0.0pF
