
                            @@@         @@@@ @ @@@@@@@   
                          @@   @@     @@    @@   @@   @@ 
                         @@     @@   @@      @   @@    @@
                        @@       @@ @@       @   @@    @@
                        @@       @@ @@           @@   @@ 
                        @@       @@ @@           @@@@@   
                        @@       @@ @@           @@      
                        @@       @@ @@           @@      
                         @@     @@   @@      @   @@      
                          @@   @@     @@    @@   @@      
                            @@@         @@@@   @@@@@@    

                           Placer for Standards Cells

                   Alliance CAD System 5.0 20090901,   ocp 5.0
                   Copyright (c) 2001-2019,     ASIM/LIP6/UPMC
                   E-mail        : alliance-users@asim.lip6.fr

o ALLIANCE environment:
  o ALLIANCE_TOP   : /usr/lib64/alliance
o MBK environment:
  o MBK_IN_LO      : vst
  o MBK_OUT_LO     : vst
  o MBK_IN_PH      : ap
  o MBK_OUT_PH     : ap
  o MBK_VSS        : vss
  o MBK_VDD        : vdd
  o MBK_CATAL_NAME : CATAL
  o MBK_CATA_LIB   : .
                     /usr/lib64/alliance/cells/sxlib
                     /usr/lib64/alliance/cells/dp_sxlib
                     /usr/lib64/alliance/cells/rflib
                     /usr/lib64/alliance/cells/rf2lib
                     /usr/lib64/alliance/cells/ramlib
                     /usr/lib64/alliance/cells/romlib
                     /usr/lib64/alliance/cells/pxlib
                     /usr/lib64/alliance/cells/padlib

 o Number total of instances is ....  43
 o Number of instances to place is ....  43
 o Number of instances already placed is ....  0
 o Number of nets is .... 52
 o Sum of instances to place widths is ... 270
 o Computing Initial Placement ...
 o User Margin : 20%
 o Number of Rows : 6
 o Real Margin : 16.6667%
 o Width of the abutment box : 54
 o Height of the abutment box : 60
 o conspace : 18 1st connector : 9
 o adding connector  : code 1 x : 9 y : 60
 o adding connector  : code 2 x : 27 y : 60
 o adding connector  : code 3 x : 45 y : 60
 o conspace : 13.5 1st connector : 6.75
 o adding connector : door x : 6 y : 0
 o adding connector : clk x : 20 y : 0
 o adding connector : alarm x : 33 y : 0
 o adding connector : scanout x : 47 y : 0
 o adding connector : scanin x : 0 y : 8
 o adding connector : daytime x : 0 y : 28
 o adding connector : code 0 x : 0 y : 48
 o adding connector: test x : 54 y : 15
 o adding connector: reset x : 54 y : 45
 o Initial Placement Computing ... done. 
 o Beginning global placement ....
 o Initial RowCost = 6
 o Initial BinCost = 6
 o Initial NetCost = 2671
 o Initial Cost = 1
 o Computing Initial Temperature ...
 o bins size 270
 o bins capa 270
 o subrows capa 270
Loop = 1, Temperature = 0.224371, Cost = 0.994759
  RowCost = 8, BinCost = 8, NetCost = 2657
  Success Ratio = 99.1925%, Dist = 1, Delta = 0.5
 o Total impossible movements = 858
 o 0 % suroccupied target
 o 29.2541 % source equal target
 o 70.7459 % impossible exchange
Loop = 2, Temperature = 0.112185, Cost = 1.00487
  RowCost = 10, BinCost = 10, NetCost = 2684
  Success Ratio = 96.7699%, Dist = 1, Delta = 0.5
 o Total impossible movements = 1645
 o 0 % suroccupied target
 o 29.7264 % source equal target
 o 70.2736 % impossible exchange
Loop = 3, Temperature = 0.0560927, Cost = 0.950955
  RowCost = 16, BinCost = 16, NetCost = 2540
  Success Ratio = 95.5585%, Dist = 1, Delta = 0.5
 o Total impossible movements = 2478
 o 0 % suroccupied target
 o 29.2978 % source equal target
 o 70.7022 % impossible exchange
Loop = 4, Temperature = 0.0280464, Cost = 0.958443
  RowCost = 10, BinCost = 10, NetCost = 2560
  Success Ratio = 90.7133%, Dist = 1, Delta = 0.5
 o Total impossible movements = 3422
 o 0 % suroccupied target
 o 28.5506 % source equal target
 o 71.4494 % impossible exchange
Loop = 5, Temperature = 0.0143862, Cost = 0.993635
  RowCost = 18, BinCost = 18, NetCost = 2654
  Success Ratio = 80.3499%, Dist = 1, Delta = 0.512943
 o Total impossible movements = 4203
 o 0 % suroccupied target
 o 29.0745 % source equal target
 o 70.9255 % impossible exchange
Loop = 6, Temperature = 0.00990148, Cost = 0.941221
  RowCost = 12, BinCost = 12, NetCost = 2514
  Success Ratio = 66.7564%, Dist = 1, Delta = 0.688264
 o Total impossible movements = 5001
 o 0 % suroccupied target
 o 29.5141 % source equal target
 o 70.4859 % impossible exchange
Loop = 7, Temperature = 0.00703215, Cost = 0.889929
  RowCost = 14, BinCost = 14, NetCost = 2377
  Success Ratio = 52.0861%, Dist = 1, Delta = 0.710212
 o Total impossible movements = 5887
 o 0 % suroccupied target
 o 29.3188 % source equal target
 o 70.6812 % impossible exchange
Loop = 8, Temperature = 0.00573702, Cost = 0.816548
  RowCost = 22, BinCost = 22, NetCost = 2181
  Success Ratio = 38.358%, Dist = 0.94358, Delta = 0.815827
 o Total impossible movements = 6708
 o 0 % suroccupied target
 o 29.7108 % source equal target
 o 70.2892 % impossible exchange
Loop = 9, Temperature = 0.00490179, Cost = 0.898914
  RowCost = 14, BinCost = 14, NetCost = 2401
  Success Ratio = 30.5518%, Dist = 0.816686, Delta = 0.854414
 o Total impossible movements = 7442
 o 0 % suroccupied target
 o 30.1801 % source equal target
 o 69.8199 % impossible exchange
Loop = 10, Temperature = 0.00432363, Cost = 0.818794
  RowCost = 16, BinCost = 16, NetCost = 2187
  Success Ratio = 24.2261%, Dist = 0.655195, Delta = 0.882051
 o Total impossible movements = 8197
 o 0 % suroccupied target
 o 30.2916 % source equal target
 o 69.7084 % impossible exchange
Loop = 11, Temperature = 0.00342227, Cost = 0.807563
  RowCost = 16, BinCost = 16, NetCost = 2157
  Success Ratio = 21.2651%, Dist = 0.506237, Delta = 0.791528
 o Total impossible movements = 8925
 o 0 % suroccupied target
 o 30.3641 % source equal target
 o 69.6359 % impossible exchange
Loop = 12, Temperature = 0.0030211, Cost = 0.825159
  RowCost = 10, BinCost = 10, NetCost = 2204
  Success Ratio = 23.9569%, Dist = 0.404772, Delta = 0.882776
 o Total impossible movements = 9771
 o 0 % suroccupied target
 o 31.1432 % source equal target
 o 68.8568 % impossible exchange
Loop = 13, Temperature = 0.00271594, Cost = 0.770124
  RowCost = 12, BinCost = 12, NetCost = 2057
  Success Ratio = 23.9569%, Dist = 0.323643, Delta = 0.898991
 o Total impossible movements = 10519
 o 0 % suroccupied target
 o 32.4841 % source equal target
 o 67.5159 % impossible exchange
Loop = 14, Temperature = 0.00230557, Cost = 0.749158
  RowCost = 18, BinCost = 18, NetCost = 2001
  Success Ratio = 18.9771%, Dist = 0.242658, Delta = 0.848901
 o Total impossible movements = 11220
 o 0 % suroccupied target
 o 33.672 % source equal target
 o 66.328 % impossible exchange
Loop = 15, Temperature = 0.00196548, Cost = 0.755148
  RowCost = 12, BinCost = 12, NetCost = 2017
  Success Ratio = 24.0915%, Dist = 0.194349, Delta = 0.852492
 o Total impossible movements = 12341
 o 0 % suroccupied target
 o 36.3747 % source equal target
 o 63.6253 % impossible exchange
Loop = 16, Temperature = 0.00163134, Cost = 0.749158
  RowCost = 6, BinCost = 6, NetCost = 2001
  Success Ratio = 19.9192%, Dist = 0.147548, Delta = 0.829998
 o Total impossible movements = 13363
 o 0 % suroccupied target
 o 38.5542 % source equal target
 o 61.4458 % impossible exchange
Loop = 17, Temperature = 0.00142611, Cost = 0.734182
  RowCost = 14, BinCost = 14, NetCost = 1961
  Success Ratio = 9.28668%, Dist = 0.1, Delta = 0.874198
 o Total impossible movements = 14285
 o 0 % suroccupied target
 o 40.224 % source equal target
 o 59.776 % impossible exchange
Loop = 18, Temperature = 0.00110625, Cost = 0.730438
  RowCost = 12, BinCost = 12, NetCost = 1951
  Success Ratio = 9.0175%, Dist = 0.1, Delta = 0.77571
 o Total impossible movements = 15255
 o 0 % suroccupied target
 o 41.724 % source equal target
 o 58.276 % impossible exchange
Loop = 19, Temperature = 0.00081554, Cost = 0.731561
  RowCost = 12, BinCost = 12, NetCost = 1954
  Success Ratio = 7.6716%, Dist = 0.1, Delta = 0.73721
 o Total impossible movements = 16171
 o 0 % suroccupied target
 o 42.8669 % source equal target
 o 57.1331 % impossible exchange
Loop = 20, Temperature = 0.000637309, Cost = 0.726694
  RowCost = 10, BinCost = 10, NetCost = 1941
  Success Ratio = 2.42261%, Dist = 0.1, Delta = 0.781457
 o Total impossible movements = 17224
 o 0 % suroccupied target
 o 44.3509 % source equal target
 o 55.6491 % impossible exchange
Loop = 21, Temperature = 0.000487537, Cost = 0.72295
  RowCost = 4, BinCost = 4, NetCost = 1931
  Success Ratio = 4.17227%, Dist = 0.1, Delta = 0.764993
 o Total impossible movements = 18219
 o 0 % suroccupied target
 o 45.4965 % source equal target
 o 54.5035 % impossible exchange
Loop = 22, Temperature = 0, Cost = 0.72295
  RowCost = 8, BinCost = 8, NetCost = 1931
  Success Ratio = 2.01884%, Dist = 0.1, Delta = 0
 o Total impossible movements = 19305
 o 0 % suroccupied target
 o 46.4439 % source equal target
 o 53.5561 % impossible exchange
 o Global Placement finished .....
 o Gain for RowCost      = 33.3333%
 o Gain for BinCost      = 33.3333%
 o Gain for NetCost      = 27.705%
 o NetCost Estimated = 1931
 o Movements Stats ?! 
 o 17132 Tried Moves
 o 0 % of accepted simple instance move
 o 36.8258 % of accepted instance exchange
 o 0 % of rejected simple instance move
 o 63.1742 % of rejected instance exchange
 o Impossible Movements Stats .... 
 o If you find these values interesting, call a doctor...
 o Total impossible movements = 20284
 o 0 % suroccupied target
 o 47.2343 % source equal target
 o 52.7657 % impossible exchange
 o Final Optimization in process ...
 o Net Cost before Final Optimization... 1913
 o Final Optimization succeeded ...
 o Final Net Cost ..... 1463
 o Final Net Cost Optimization ..... 23.5233%
 o Total Net Optimization .... 45.2265%

Ocp : placement finished
NO PREPLACEMENT GIVEN
 o Destruction of DATABASE ....
